# JRE version: OpenJDK Runtime Environment (21.0.9) (build 21.0.9+-14649483-b1163.86)
# Java VM: OpenJDK 64-Bit Server VM (21.0.9+-14649483-b1163.86, mixed mode, tiered, compressed oops, compressed class ptrs, g1 gc, windows-amd64)
GC Precious Log:
 CardTable entry size: 512
 Card Set container configuration: InlinePtr #cards 4 size 8 Array Of Cards #cards 32 size 80 Howl #buckets 8 coarsen threshold 7372 Howl Bitmap #cards 1024 size 144 coarsen threshold 921 Card regions per heap region 1 cards per card region 8192
 CPUs: 16 total, 16 available
 Memory: 32605M
 Large Page Support: Disabled
 NUMA Support: Disabled
 Compressed Oops: Enabled (Zero based)
 Heap Region Size: 4M
 Heap Min Capacity: 8M
 Heap Initial Capacity: 512M
 Heap Max Capacity: 8152M
 Pre-touch: Disabled
 Parallel Workers: 13
 Concurrent Workers: 3
 Concurrent Refinement Workers: 13
 Periodic GC: Disabled
Heap:
 garbage-first heap   total 286720K, used 84778K [0x0000000602800000, 0x0000000800000000)
  region size 4096K, 18 young (73728K), 1 survivors (4096K)
 Metaspace       used 55843K, committed 56064K, reserved 1114112K
  class space    used 6625K, committed 6720K, reserved 1048576K
GC Heap History (16 events):
Event: 0.746 GC heap before
{Heap before GC invocations=0 (full 0):
 garbage-first heap   total 524288K, used 24576K [0x0000000602800000, 0x0000000800000000)
  region size 4096K, 6 young (24576K), 0 survivors (0K)
 Metaspace       used 13948K, committed 14080K, reserved 1114112K
  class space    used 1319K, committed 1408K, reserved 1048576K
}
Event: 0.749 GC heap after
{Heap after GC invocations=1 (full 0):
 garbage-first heap   total 524288K, used 7121K [0x0000000602800000, 0x0000000800000000)
  region size 4096K, 1 young (4096K), 1 survivors (4096K)
 Metaspace       used 13948K, committed 14080K, reserved 1114112K
  class space    used 1319K, committed 1408K, reserved 1048576K
}
Event: 1.844 GC heap before
{Heap before GC invocations=1 (full 0):
 garbage-first heap   total 524288K, used 35793K [0x0000000602800000, 0x0000000800000000)
  region size 4096K, 9 young (36864K), 1 survivors (4096K)
 Metaspace       used 21349K, committed 21504K, reserved 1114112K
  class space    used 2330K, committed 2432K, reserved 1048576K
}
Event: 1.848 GC heap after
{Heap after GC invocations=2 (full 0):
 garbage-first heap   total 524288K, used 9847K [0x0000000602800000, 0x0000000800000000)
  region size 4096K, 2 young (8192K), 2 survivors (8192K)
 Metaspace       used 21349K, committed 21504K, reserved 1114112K
  class space    used 2330K, committed 2432K, reserved 1048576K
}
Event: 3.213 GC heap before
{Heap before GC invocations=3 (full 0):
 garbage-first heap   total 40960K, used 38519K [0x0000000602800000, 0x0000000800000000)
  region size 4096K, 9 young (36864K), 2 survivors (8192K)
 Metaspace       used 31550K, committed 31808K, reserved 1114112K
  class space    used 4049K, committed 4160K, reserved 1048576K
}
Event: 3.220 GC heap after
{Heap after GC invocations=4 (full 0):
 garbage-first heap   total 49152K, used 11539K [0x0000000602800000, 0x0000000800000000)
  region size 4096K, 2 young (8192K), 2 survivors (8192K)
 Metaspace       used 31550K, committed 31808K, reserved 1114112K
  class space    used 4049K, committed 4160K, reserved 1048576K
}
Event: 3.694 GC heap before
{Heap before GC invocations=4 (full 0):
 garbage-first heap   total 49152K, used 32019K [0x0000000602800000, 0x0000000800000000)
  region size 4096K, 7 young (28672K), 2 survivors (8192K)
 Metaspace       used 32311K, committed 32576K, reserved 1114112K
  class space    used 4154K, committed 4288K, reserved 1048576K
}
Event: 3.706 GC heap after
{Heap after GC invocations=5 (full 0):
 garbage-first heap   total 49152K, used 17093K [0x0000000602800000, 0x0000000800000000)
  region size 4096K, 1 young (4096K), 1 survivors (4096K)
 Metaspace       used 32311K, committed 32576K, reserved 1114112K
  class space    used 4154K, committed 4288K, reserved 1048576K
}
Event: 4.388 GC heap before
{Heap before GC invocations=5 (full 0):
 garbage-first heap   total 49152K, used 25285K [0x0000000602800000, 0x0000000800000000)
  region size 4096K, 5 young (20480K), 1 survivors (4096K)
 Metaspace       used 35861K, committed 36096K, reserved 1114112K
  class space    used 4544K, committed 4672K, reserved 1048576K
}
Event: 4.395 GC heap after
{Heap after GC invocations=6 (full 0):
 garbage-first heap   total 49152K, used 18402K [0x0000000602800000, 0x0000000800000000)
  region size 4096K, 1 young (4096K), 1 survivors (4096K)
 Metaspace       used 35861K, committed 36096K, reserved 1114112K
  class space    used 4544K, committed 4672K, reserved 1048576K
}
Event: 4.668 GC heap before
{Heap before GC invocations=7 (full 0):
 garbage-first heap   total 49152K, used 30690K [0x0000000602800000, 0x0000000800000000)
  region size 4096K, 5 young (20480K), 1 survivors (4096K)
 Metaspace       used 39015K, committed 39232K, reserved 1114112K
  class space    used 4911K, committed 4992K, reserved 1048576K
}
Event: 4.674 GC heap after
{Heap after GC invocations=8 (full 0):
 garbage-first heap   total 49152K, used 20436K [0x0000000602800000, 0x0000000800000000)
  region size 4096K, 1 young (4096K), 1 survivors (4096K)
 Metaspace       used 39015K, committed 39232K, reserved 1114112K
  class space    used 4911K, committed 4992K, reserved 1048576K
}
Event: 4.851 GC heap before
{Heap before GC invocations=8 (full 0):
 garbage-first heap   total 49152K, used 36820K [0x0000000602800000, 0x0000000800000000)
  region size 4096K, 5 young (20480K), 1 survivors (4096K)
 Metaspace       used 41594K, committed 41920K, reserved 1114112K
  class space    used 5174K, committed 5312K, reserved 1048576K
}
Event: 4.858 GC heap after
{Heap after GC invocations=9 (full 0):
 garbage-first heap   total 49152K, used 22320K [0x0000000602800000, 0x0000000800000000)
  region size 4096K, 1 young (4096K), 1 survivors (4096K)
 Metaspace       used 41594K, committed 41920K, reserved 1114112K
  class space    used 5174K, committed 5312K, reserved 1048576K
}
Event: 5.358 GC heap before
{Heap before GC invocations=9 (full 0):
 garbage-first heap   total 49152K, used 34608K [0x0000000602800000, 0x0000000800000000)
  region size 4096K, 4 young (16384K), 1 survivors (4096K)
 Metaspace       used 44894K, committed 45184K, reserved 1114112K
  class space    used 5516K, committed 5632K, reserved 1048576K
}
Event: 5.365 GC heap after
{Heap after GC invocations=10 (full 0):
 garbage-first heap   total 286720K, used 23338K [0x0000000602800000, 0x0000000800000000)
  region size 4096K, 1 young (4096K), 1 survivors (4096K)
 Metaspace       used 44894K, committed 45184K, reserved 1114112K
  class space    used 5516K, committed 5632K, reserved 1048576K
}

